<?xml version="1.0" encoding="UTF-8"?>
<!-- Generated by org.testng.reporters.JUnitReportReporter -->
<testsuite skipped="0" hostname="Mohammeds-MBP-2.home" name="com.testng.naveen.BasicTestNG" tests="2" failures="0" timestamp="2020-11-02T10:55:34 EST" time="0.008" errors="0">
  <testcase name="titleTest" time="0.003" classname="com.testng.naveen.BasicTestNG"/>
  <system-out/>
  <testcase name="searchTest" time="0.005" classname="com.testng.naveen.BasicTestNG"/>
  <system-out/>
</testsuite> <!-- com.testng.naveen.BasicTestNG -->
